Build started 15/09/2015 21:44:55.
     1>Project "D:\Mohamed\Projets\GesCabiMedicale\Code\Code Source\miniprojet\miniprojet.vcxproj" on node 2 (Build target(s)).
     1>Link:
         C:\Program Files (x86)\Microsoft Visual Studio 12.0\VC\bin\link.exe /ERRORREPORT:PROMPT /OUT:"D:\Mohamed\Projets\GesCabiMedicale\Code\Code Source\Debug\miniprojet.exe" /INCREMENTAL /NOLOGO kernel32.lib user32.lib gdi32.lib winspool.lib comdlg32.lib advapi32.lib shell32.lib ole32.lib oleaut32.lib uuid.lib odbc32.lib odbccp32.lib /MANIFEST /MANIFESTUAC:"level='asInvoker' uiAccess='false'" /manifest:embed /DEBUG /PDB:"D:\Mohamed\Projets\GesCabiMedicale\Code\Code Source\Debug\miniprojet.pdb" /SUBSYSTEM:CONSOLE /TLBID:1 /DYNAMICBASE /NXCOMPAT /IMPLIB:"D:\Mohamed\Projets\GesCabiMedicale\Code\Code Source\Debug\miniprojet.lib" /MACHINE:X86 Debug\ajout.obj
         Debug\cas.obj
         Debug\contact.obj
         Debug\instruction.obj
         Debug\listerdv.obj
         Debug\main.obj
         Debug\menu.obj
         Debug\menu_patient.obj
         Debug\menu_recherche.obj
         Debug\men_param.obj
         Debug\modifier.obj
         Debug\password.obj
         Debug\rdvous.obj
         Debug\rechcin.obj
         Debug\rechdate.obj
         Debug\rechnom.obj
         Debug\renisialisation.obj
         Debug\suivant.obj
         Debug\supprimer.obj
         Debug\veri.obj
         miniprojet.vcxproj -> D:\Mohamed\Projets\GesCabiMedicale\Code\Code Source\Debug\miniprojet.exe
     1>Done Building Project "D:\Mohamed\Projets\GesCabiMedicale\Code\Code Source\miniprojet\miniprojet.vcxproj" (Build target(s)).

Build succeeded.

Time Elapsed 00:00:01.29
